2024-02-11 22:21:50,829{GMT}	INFO	[jepsen test runner] jepsen.core: Test version a6d9a7473315b88894cea8564328359e088ebc31 (plus uncommitted changes)
2024-02-11 22:21:50,830{GMT}	INFO	[jepsen test runner] jepsen.core: Command line:
lein run test -w unique-ids --bin target/release/unique_id --node-count 1 --time-limit 10
2024-02-11 22:21:50,881{GMT}	INFO	[jepsen test runner] jepsen.core: Running test:
{:args []
 :remote
 #jepsen.control.retry.Remote{:remote #jepsen.control.scp.Remote{:cmd-remote #jepsen.control.sshj.SSHJRemote{:concurrency-limit 6,
                                                                                                             :conn-spec nil,
                                                                                                             :client nil,
                                                                                                             :semaphore nil},
                                                                 :conn-spec nil},
                              :conn nil}
 :log-net-send false
 :node-count 1
 :availability nil
 :max-txn-length 4
 :concurrency 1
 :db
 #object[maelstrom.db$db$reify__16142
         "0x5e05064b"
         "maelstrom.db$db$reify__16142@5e05064b"]
 :max-writes-per-key 16
 :leave-db-running? false
 :name "unique-ids"
 :logging-json? false
 :start-time
 #object[org.joda.time.DateTime "0x1d628a88" "2024-02-11T22:21:50.806-05:00"]
 :nemesis-interval 10
 :net
 #object[maelstrom.net$jepsen_net$reify__15251
         "0x3c634a04"
         "maelstrom.net$jepsen_net$reify__15251@3c634a04"]
 :client
 #object[maelstrom.workload.unique_ids$client$reify__20074
         "0x4b48be5c"
         "maelstrom.workload.unique_ids$client$reify__20074@4b48be5c"]
 :barrier
 #object[java.util.concurrent.CyclicBarrier
         "0x3fe8d57a"
         "java.util.concurrent.CyclicBarrier@3fe8d57a"]
 :log-stderr false
 :pure-generators true
 :ssh {:dummy? true}
 :rate 5
 :checker
 #object[jepsen.checker$compose$reify__11881
         "0x36573ec5"
         "jepsen.checker$compose$reify__11881@36573ec5"]
 :argv
 ("test"
  "-w"
  "unique-ids"
  "--bin"
  "target/release/unique_id"
  "--node-count"
  "1"
  "--time-limit"
  "10")
 :nemesis
 (jepsen.nemesis.ReflCompose
  {:fm {:start-partition 0,
        :stop-partition 0,
        :kill 1,
        :start 1,
        :pause 1,
        :resume 1},
   :nemeses [#unprintable "jepsen.nemesis.combined$partition_nemesis$reify__16416@10c26161"
             #unprintable "jepsen.nemesis.combined$db_nemesis$reify__16397@1ef6977b"]})
 :nodes ["n0"]
 :test-count 1
 :latency {:mean 0, :dist :constant}
 :bin "target/release/unique_id"
 :generator
 (jepsen.generator.TimeLimit
  {:limit 10000000000,
   :cutoff nil,
   :gen (jepsen.generator.Any
         {:gens [(jepsen.generator.OnThreads
                  {:f #{:nemesis},
                   :context-filter #object[jepsen.generator.context$make_thread_filter$lazy_filter__9167
                                           "0x771c4015"
                                           "jepsen.generator.context$make_thread_filter$lazy_filter__9167@771c4015"],
                   :gen nil})
                 (jepsen.generator.OnThreads
                  {:f #jepsen.generator.context.AllBut{:element :nemesis},
                   :context-filter #object[jepsen.generator.context$make_thread_filter$lazy_filter__9167
                                           "0x34d776eb"
                                           "jepsen.generator.context$make_thread_filter$lazy_filter__9167@34d776eb"],
                   :gen (jepsen.generator.Stagger
                         {:dt 400000000,
                          :next-time nil,
                          :gen (jepsen.generator.Repeat
                                {:remaining -1, :gen {:f :generate}})})})]})})
 :log-net-recv false
 :os
 #object[maelstrom.net$jepsen_os$reify__15254
         "0x60a3a0fa"
         "maelstrom.net$jepsen_os$reify__15254@60a3a0fa"]
 :time-limit 10
 :workload :unique-ids
 :consistency-models [:strict-serializable]
 :topology :grid}

2024-02-11 22:21:52,692{GMT}	INFO	[jepsen node n0] maelstrom.net: Starting Maelstrom network
2024-02-11 22:21:52,694{GMT}	INFO	[jepsen test runner] jepsen.db: Tearing down DB
2024-02-11 22:21:52,696{GMT}	INFO	[jepsen test runner] jepsen.db: Setting up DB
2024-02-11 22:21:52,698{GMT}	INFO	[jepsen node n0] maelstrom.service: Starting services: (lin-kv lin-tso lww-kv seq-kv)
2024-02-11 22:21:52,700{GMT}	INFO	[jepsen node n0] maelstrom.db: Setting up n0
2024-02-11 22:21:52,701{GMT}	INFO	[jepsen node n0] maelstrom.process: launching target/release/unique_id []
2024-02-11 22:21:52,727{GMT}	INFO	[jepsen test runner] jepsen.core: Relative time begins now
2024-02-11 22:21:52,746{GMT}	INFO	[jepsen worker 0] jepsen.util: 0	:invoke	:generate	nil
2024-02-11 22:21:52,750{GMT}	INFO	[jepsen worker 0] jepsen.util: 0	:ok	:generate	"id:n0:2"
2024-02-11 22:21:53,044{GMT}	INFO	[jepsen worker 0] jepsen.util: 0	:invoke	:generate	nil
2024-02-11 22:21:53,046{GMT}	INFO	[jepsen worker 0] jepsen.util: 0	:ok	:generate	"id:n0:3"
2024-02-11 22:21:53,435{GMT}	INFO	[jepsen worker 0] jepsen.util: 0	:invoke	:generate	nil
2024-02-11 22:21:53,437{GMT}	INFO	[jepsen worker 0] jepsen.util: 0	:ok	:generate	"id:n0:4"
2024-02-11 22:21:53,704{GMT}	INFO	[jepsen worker 0] jepsen.util: 0	:invoke	:generate	nil
2024-02-11 22:21:53,705{GMT}	INFO	[jepsen worker 0] jepsen.util: 0	:ok	:generate	"id:n0:5"
2024-02-11 22:21:53,841{GMT}	INFO	[jepsen worker 0] jepsen.util: 0	:invoke	:generate	nil
2024-02-11 22:21:53,843{GMT}	INFO	[jepsen worker 0] jepsen.util: 0	:ok	:generate	"id:n0:6"
2024-02-11 22:21:54,263{GMT}	INFO	[jepsen worker 0] jepsen.util: 0	:invoke	:generate	nil
2024-02-11 22:21:54,265{GMT}	INFO	[jepsen worker 0] jepsen.util: 0	:ok	:generate	"id:n0:7"
2024-02-11 22:21:54,483{GMT}	INFO	[jepsen worker 0] jepsen.util: 0	:invoke	:generate	nil
2024-02-11 22:21:54,485{GMT}	INFO	[jepsen worker 0] jepsen.util: 0	:ok	:generate	"id:n0:8"
2024-02-11 22:21:54,849{GMT}	INFO	[jepsen worker 0] jepsen.util: 0	:invoke	:generate	nil
2024-02-11 22:21:54,851{GMT}	INFO	[jepsen worker 0] jepsen.util: 0	:ok	:generate	"id:n0:9"
2024-02-11 22:21:55,229{GMT}	INFO	[jepsen worker 0] jepsen.util: 0	:invoke	:generate	nil
2024-02-11 22:21:55,230{GMT}	INFO	[jepsen worker 0] jepsen.util: 0	:ok	:generate	"id:n0:10"
2024-02-11 22:21:55,447{GMT}	INFO	[jepsen worker 0] jepsen.util: 0	:invoke	:generate	nil
2024-02-11 22:21:55,449{GMT}	INFO	[jepsen worker 0] jepsen.util: 0	:ok	:generate	"id:n0:11"
2024-02-11 22:21:55,755{GMT}	INFO	[jepsen worker 0] jepsen.util: 0	:invoke	:generate	nil
2024-02-11 22:21:55,756{GMT}	INFO	[jepsen worker 0] jepsen.util: 0	:ok	:generate	"id:n0:12"
2024-02-11 22:21:55,760{GMT}	INFO	[jepsen worker 0] jepsen.util: 0	:invoke	:generate	nil
2024-02-11 22:21:55,761{GMT}	INFO	[jepsen worker 0] jepsen.util: 0	:ok	:generate	"id:n0:13"
2024-02-11 22:21:55,895{GMT}	INFO	[jepsen worker 0] jepsen.util: 0	:invoke	:generate	nil
2024-02-11 22:21:55,897{GMT}	INFO	[jepsen worker 0] jepsen.util: 0	:ok	:generate	"id:n0:14"
2024-02-11 22:21:56,063{GMT}	INFO	[jepsen worker 0] jepsen.util: 0	:invoke	:generate	nil
2024-02-11 22:21:56,064{GMT}	INFO	[jepsen worker 0] jepsen.util: 0	:ok	:generate	"id:n0:15"
2024-02-11 22:21:56,084{GMT}	INFO	[jepsen worker 0] jepsen.util: 0	:invoke	:generate	nil
2024-02-11 22:21:56,085{GMT}	INFO	[jepsen worker 0] jepsen.util: 0	:ok	:generate	"id:n0:16"
2024-02-11 22:21:56,423{GMT}	INFO	[jepsen worker 0] jepsen.util: 0	:invoke	:generate	nil
2024-02-11 22:21:56,425{GMT}	INFO	[jepsen worker 0] jepsen.util: 0	:ok	:generate	"id:n0:17"
2024-02-11 22:21:56,508{GMT}	INFO	[jepsen worker 0] jepsen.util: 0	:invoke	:generate	nil
2024-02-11 22:21:56,510{GMT}	INFO	[jepsen worker 0] jepsen.util: 0	:ok	:generate	"id:n0:18"
2024-02-11 22:21:56,812{GMT}	INFO	[jepsen worker 0] jepsen.util: 0	:invoke	:generate	nil
2024-02-11 22:21:56,814{GMT}	INFO	[jepsen worker 0] jepsen.util: 0	:ok	:generate	"id:n0:19"
2024-02-11 22:21:57,141{GMT}	INFO	[jepsen worker 0] jepsen.util: 0	:invoke	:generate	nil
2024-02-11 22:21:57,143{GMT}	INFO	[jepsen worker 0] jepsen.util: 0	:ok	:generate	"id:n0:20"
2024-02-11 22:21:57,412{GMT}	INFO	[jepsen worker 0] jepsen.util: 0	:invoke	:generate	nil
2024-02-11 22:21:57,414{GMT}	INFO	[jepsen worker 0] jepsen.util: 0	:ok	:generate	"id:n0:21"
2024-02-11 22:21:57,430{GMT}	INFO	[jepsen worker 0] jepsen.util: 0	:invoke	:generate	nil
2024-02-11 22:21:57,432{GMT}	INFO	[jepsen worker 0] jepsen.util: 0	:ok	:generate	"id:n0:22"
2024-02-11 22:21:57,793{GMT}	INFO	[jepsen worker 0] jepsen.util: 0	:invoke	:generate	nil
2024-02-11 22:21:57,795{GMT}	INFO	[jepsen worker 0] jepsen.util: 0	:ok	:generate	"id:n0:23"
2024-02-11 22:21:57,869{GMT}	INFO	[jepsen worker 0] jepsen.util: 0	:invoke	:generate	nil
2024-02-11 22:21:57,870{GMT}	INFO	[jepsen worker 0] jepsen.util: 0	:ok	:generate	"id:n0:24"
2024-02-11 22:21:58,277{GMT}	INFO	[jepsen worker 0] jepsen.util: 0	:invoke	:generate	nil
2024-02-11 22:21:58,278{GMT}	INFO	[jepsen worker 0] jepsen.util: 0	:ok	:generate	"id:n0:25"
2024-02-11 22:21:58,415{GMT}	INFO	[jepsen worker 0] jepsen.util: 0	:invoke	:generate	nil
2024-02-11 22:21:58,416{GMT}	INFO	[jepsen worker 0] jepsen.util: 0	:ok	:generate	"id:n0:26"
2024-02-11 22:21:58,592{GMT}	INFO	[jepsen worker 0] jepsen.util: 0	:invoke	:generate	nil
2024-02-11 22:21:58,593{GMT}	INFO	[jepsen worker 0] jepsen.util: 0	:ok	:generate	"id:n0:27"
2024-02-11 22:21:58,874{GMT}	INFO	[jepsen worker 0] jepsen.util: 0	:invoke	:generate	nil
2024-02-11 22:21:58,875{GMT}	INFO	[jepsen worker 0] jepsen.util: 0	:ok	:generate	"id:n0:28"
2024-02-11 22:21:59,184{GMT}	INFO	[jepsen worker 0] jepsen.util: 0	:invoke	:generate	nil
2024-02-11 22:21:59,185{GMT}	INFO	[jepsen worker 0] jepsen.util: 0	:ok	:generate	"id:n0:29"
2024-02-11 22:21:59,578{GMT}	INFO	[jepsen worker 0] jepsen.util: 0	:invoke	:generate	nil
2024-02-11 22:21:59,579{GMT}	INFO	[jepsen worker 0] jepsen.util: 0	:ok	:generate	"id:n0:30"
2024-02-11 22:21:59,744{GMT}	INFO	[jepsen worker 0] jepsen.util: 0	:invoke	:generate	nil
2024-02-11 22:21:59,746{GMT}	INFO	[jepsen worker 0] jepsen.util: 0	:ok	:generate	"id:n0:31"
2024-02-11 22:21:59,914{GMT}	INFO	[jepsen worker 0] jepsen.util: 0	:invoke	:generate	nil
2024-02-11 22:21:59,915{GMT}	INFO	[jepsen worker 0] jepsen.util: 0	:ok	:generate	"id:n0:32"
2024-02-11 22:21:59,956{GMT}	INFO	[jepsen worker 0] jepsen.util: 0	:invoke	:generate	nil
2024-02-11 22:21:59,957{GMT}	INFO	[jepsen worker 0] jepsen.util: 0	:ok	:generate	"id:n0:33"
2024-02-11 22:22:00,108{GMT}	INFO	[jepsen worker 0] jepsen.util: 0	:invoke	:generate	nil
2024-02-11 22:22:00,109{GMT}	INFO	[jepsen worker 0] jepsen.util: 0	:ok	:generate	"id:n0:34"
2024-02-11 22:22:00,442{GMT}	INFO	[jepsen worker 0] jepsen.util: 0	:invoke	:generate	nil
2024-02-11 22:22:00,443{GMT}	INFO	[jepsen worker 0] jepsen.util: 0	:ok	:generate	"id:n0:35"
2024-02-11 22:22:00,558{GMT}	INFO	[jepsen worker 0] jepsen.util: 0	:invoke	:generate	nil
2024-02-11 22:22:00,560{GMT}	INFO	[jepsen worker 0] jepsen.util: 0	:ok	:generate	"id:n0:36"
2024-02-11 22:22:00,706{GMT}	INFO	[jepsen worker 0] jepsen.util: 0	:invoke	:generate	nil
2024-02-11 22:22:00,708{GMT}	INFO	[jepsen worker 0] jepsen.util: 0	:ok	:generate	"id:n0:37"
2024-02-11 22:22:01,090{GMT}	INFO	[jepsen worker 0] jepsen.util: 0	:invoke	:generate	nil
2024-02-11 22:22:01,092{GMT}	INFO	[jepsen worker 0] jepsen.util: 0	:ok	:generate	"id:n0:38"
2024-02-11 22:22:01,230{GMT}	INFO	[jepsen worker 0] jepsen.util: 0	:invoke	:generate	nil
2024-02-11 22:22:01,231{GMT}	INFO	[jepsen worker 0] jepsen.util: 0	:ok	:generate	"id:n0:39"
2024-02-11 22:22:01,607{GMT}	INFO	[jepsen worker 0] jepsen.util: 0	:invoke	:generate	nil
2024-02-11 22:22:01,608{GMT}	INFO	[jepsen worker 0] jepsen.util: 0	:ok	:generate	"id:n0:40"
2024-02-11 22:22:01,923{GMT}	INFO	[jepsen worker 0] jepsen.util: 0	:invoke	:generate	nil
2024-02-11 22:22:01,925{GMT}	INFO	[jepsen worker 0] jepsen.util: 0	:ok	:generate	"id:n0:41"
2024-02-11 22:22:02,140{GMT}	INFO	[jepsen worker 0] jepsen.util: 0	:invoke	:generate	nil
2024-02-11 22:22:02,141{GMT}	INFO	[jepsen worker 0] jepsen.util: 0	:ok	:generate	"id:n0:42"
2024-02-11 22:22:02,563{GMT}	INFO	[jepsen worker 0] jepsen.util: 0	:invoke	:generate	nil
2024-02-11 22:22:02,564{GMT}	INFO	[jepsen worker 0] jepsen.util: 0	:ok	:generate	"id:n0:43"
2024-02-11 22:22:02,742{GMT}	INFO	[jepsen worker 0] jepsen.util: 0	:invoke	:generate	nil
2024-02-11 22:22:02,743{GMT}	INFO	[jepsen worker 0] jepsen.util: 0	:ok	:generate	"id:n0:44"
2024-02-11 22:22:02,759{GMT}	INFO	[jepsen test runner] jepsen.core: Run complete, writing
2024-02-11 22:22:02,795{GMT}	INFO	[jepsen node n0] maelstrom.db: Tearing down n0
2024-02-11 22:22:03,879{GMT}	INFO	[jepsen node n0] maelstrom.net: Shutting down Maelstrom network
2024-02-11 22:22:03,879{GMT}	INFO	[jepsen test runner] jepsen.core: Analyzing...
2024-02-11 22:22:04,003{GMT}	INFO	[jepsen test runner] jepsen.core: Analysis complete
2024-02-11 22:22:04,014{GMT}	INFO	[jepsen results] jepsen.store: Wrote /home/revan/projects/coding/gossip-glomers/store/unique-ids/20240211T222150.806-0500/results.edn
2024-02-11 22:22:04,024{GMT}	INFO	[jepsen test runner] jepsen.core: {:perf {:latency-graph {:valid? true},
        :rate-graph {:valid? true},
        :valid? true},
 :timeline {:valid? true},
 :exceptions {:valid? true},
 :stats {:valid? true,
         :count 43,
         :ok-count 43,
         :fail-count 0,
         :info-count 0,
         :by-f {:generate {:valid? true,
                           :count 43,
                           :ok-count 43,
                           :fail-count 0,
                           :info-count 0}}},
 :availability {:valid? true, :ok-fraction 1.0},
 :net {:all {:send-count 88,
             :recv-count 88,
             :msg-count 88,
             :msgs-per-op 2.0465117},
       :clients {:send-count 88, :recv-count 88, :msg-count 88},
       :servers {:send-count 0,
                 :recv-count 0,
                 :msg-count 0,
                 :msgs-per-op 0.0},
       :valid? true},
 :workload {:valid? true,
            :attempted-count 43,
            :acknowledged-count 43,
            :duplicated-count 0,
            :duplicated {},
            :range ["id:n0:10" "id:n0:9"]},
 :valid? true}


Everything looks good! ヽ(‘ー`)ノ
