2024-02-11 22:05:12,948{GMT}	INFO	[jepsen test runner] jepsen.core: Test version c81aa97bd84514996be20831fbd423b02e4fe00e (plus uncommitted changes)
2024-02-11 22:05:12,948{GMT}	INFO	[jepsen test runner] jepsen.core: Command line:
lein run test -w unique-ids --bin target/release/gossip-glomers --node-count 1 --time-limit 10
2024-02-11 22:05:13,002{GMT}	INFO	[jepsen test runner] jepsen.core: Running test:
{:args []
 :remote
 #jepsen.control.retry.Remote{:remote #jepsen.control.scp.Remote{:cmd-remote #jepsen.control.sshj.SSHJRemote{:concurrency-limit 6,
                                                                                                             :conn-spec nil,
                                                                                                             :client nil,
                                                                                                             :semaphore nil},
                                                                 :conn-spec nil},
                              :conn nil}
 :log-net-send false
 :node-count 1
 :availability nil
 :max-txn-length 4
 :concurrency 1
 :db
 #object[maelstrom.db$db$reify__16142
         "0x6ba3eee9"
         "maelstrom.db$db$reify__16142@6ba3eee9"]
 :max-writes-per-key 16
 :leave-db-running? false
 :name "unique-ids"
 :logging-json? false
 :start-time
 #object[org.joda.time.DateTime "0x3fe8d57a" "2024-02-11T22:05:12.926-05:00"]
 :nemesis-interval 10
 :net
 #object[maelstrom.net$jepsen_net$reify__15251
         "0x36573ec5"
         "maelstrom.net$jepsen_net$reify__15251@36573ec5"]
 :client
 #object[maelstrom.workload.unique_ids$client$reify__20074
         "0x10c26161"
         "maelstrom.workload.unique_ids$client$reify__20074@10c26161"]
 :barrier
 #object[java.util.concurrent.CyclicBarrier
         "0x1ef6977b"
         "java.util.concurrent.CyclicBarrier@1ef6977b"]
 :log-stderr false
 :pure-generators true
 :ssh {:dummy? true}
 :rate 5
 :checker
 #object[jepsen.checker$compose$reify__11881
         "0x674cd2da"
         "jepsen.checker$compose$reify__11881@674cd2da"]
 :argv
 ("test"
  "-w"
  "unique-ids"
  "--bin"
  "target/release/gossip-glomers"
  "--node-count"
  "1"
  "--time-limit"
  "10")
 :nemesis
 (jepsen.nemesis.ReflCompose
  {:fm {:start-partition 0,
        :stop-partition 0,
        :kill 1,
        :start 1,
        :pause 1,
        :resume 1},
   :nemeses [#unprintable "jepsen.nemesis.combined$partition_nemesis$reify__16416@686279e0"
             #unprintable "jepsen.nemesis.combined$db_nemesis$reify__16397@6b28d4e4"]})
 :nodes ["n0"]
 :test-count 1
 :latency {:mean 0, :dist :constant}
 :bin "target/release/gossip-glomers"
 :generator
 (jepsen.generator.TimeLimit
  {:limit 10000000000,
   :cutoff nil,
   :gen (jepsen.generator.Any
         {:gens [(jepsen.generator.OnThreads
                  {:f #{:nemesis},
                   :context-filter #object[jepsen.generator.context$make_thread_filter$lazy_filter__9167
                                           "0x17734113"
                                           "jepsen.generator.context$make_thread_filter$lazy_filter__9167@17734113"],
                   :gen nil})
                 (jepsen.generator.OnThreads
                  {:f #jepsen.generator.context.AllBut{:element :nemesis},
                   :context-filter #object[jepsen.generator.context$make_thread_filter$lazy_filter__9167
                                           "0x27aa700"
                                           "jepsen.generator.context$make_thread_filter$lazy_filter__9167@27aa700"],
                   :gen (jepsen.generator.Stagger
                         {:dt 400000000,
                          :next-time nil,
                          :gen (jepsen.generator.Repeat
                                {:remaining -1, :gen {:f :generate}})})})]})})
 :log-net-recv false
 :os
 #object[maelstrom.net$jepsen_os$reify__15254
         "0xd15f98a"
         "maelstrom.net$jepsen_os$reify__15254@d15f98a"]
 :time-limit 10
 :workload :unique-ids
 :consistency-models [:strict-serializable]
 :topology :grid}

2024-02-11 22:05:14,749{GMT}	INFO	[jepsen node n0] maelstrom.net: Starting Maelstrom network
2024-02-11 22:05:14,750{GMT}	INFO	[jepsen test runner] jepsen.db: Tearing down DB
2024-02-11 22:05:14,752{GMT}	INFO	[jepsen test runner] jepsen.db: Setting up DB
2024-02-11 22:05:14,754{GMT}	INFO	[jepsen node n0] maelstrom.service: Starting services: (lin-kv lin-tso lww-kv seq-kv)
2024-02-11 22:05:14,756{GMT}	INFO	[jepsen node n0] maelstrom.db: Setting up n0
2024-02-11 22:05:14,756{GMT}	INFO	[jepsen node n0] maelstrom.process: launching target/release/gossip-glomers []
2024-02-11 22:05:14,775{GMT}	INFO	[jepsen test runner] jepsen.core: Relative time begins now
2024-02-11 22:05:14,790{GMT}	INFO	[jepsen worker 0] jepsen.util: 0	:invoke	:generate	nil
2024-02-11 22:05:14,793{GMT}	INFO	[jepsen worker 0] jepsen.util: 0	:ok	:generate	"n0-2"
2024-02-11 22:05:14,872{GMT}	INFO	[jepsen worker 0] jepsen.util: 0	:invoke	:generate	nil
2024-02-11 22:05:14,873{GMT}	INFO	[jepsen worker 0] jepsen.util: 0	:ok	:generate	"n0-3"
2024-02-11 22:05:15,262{GMT}	INFO	[jepsen worker 0] jepsen.util: 0	:invoke	:generate	nil
2024-02-11 22:05:15,264{GMT}	INFO	[jepsen worker 0] jepsen.util: 0	:ok	:generate	"n0-4"
2024-02-11 22:05:15,375{GMT}	INFO	[jepsen worker 0] jepsen.util: 0	:invoke	:generate	nil
2024-02-11 22:05:15,377{GMT}	INFO	[jepsen worker 0] jepsen.util: 0	:ok	:generate	"n0-5"
2024-02-11 22:05:15,767{GMT}	INFO	[jepsen worker 0] jepsen.util: 0	:invoke	:generate	nil
2024-02-11 22:05:15,769{GMT}	INFO	[jepsen worker 0] jepsen.util: 0	:ok	:generate	"n0-6"
2024-02-11 22:05:15,930{GMT}	INFO	[jepsen worker 0] jepsen.util: 0	:invoke	:generate	nil
2024-02-11 22:05:15,931{GMT}	INFO	[jepsen worker 0] jepsen.util: 0	:ok	:generate	"n0-7"
2024-02-11 22:05:16,154{GMT}	INFO	[jepsen worker 0] jepsen.util: 0	:invoke	:generate	nil
2024-02-11 22:05:16,156{GMT}	INFO	[jepsen worker 0] jepsen.util: 0	:ok	:generate	"n0-8"
2024-02-11 22:05:16,514{GMT}	INFO	[jepsen worker 0] jepsen.util: 0	:invoke	:generate	nil
2024-02-11 22:05:16,515{GMT}	INFO	[jepsen worker 0] jepsen.util: 0	:ok	:generate	"n0-9"
2024-02-11 22:05:16,900{GMT}	INFO	[jepsen worker 0] jepsen.util: 0	:invoke	:generate	nil
2024-02-11 22:05:16,902{GMT}	INFO	[jepsen worker 0] jepsen.util: 0	:ok	:generate	"n0-10"
2024-02-11 22:05:17,265{GMT}	INFO	[jepsen worker 0] jepsen.util: 0	:invoke	:generate	nil
2024-02-11 22:05:17,267{GMT}	INFO	[jepsen worker 0] jepsen.util: 0	:ok	:generate	"n0-11"
2024-02-11 22:05:17,273{GMT}	INFO	[jepsen worker 0] jepsen.util: 0	:invoke	:generate	nil
2024-02-11 22:05:17,274{GMT}	INFO	[jepsen worker 0] jepsen.util: 0	:ok	:generate	"n0-12"
2024-02-11 22:05:17,447{GMT}	INFO	[jepsen worker 0] jepsen.util: 0	:invoke	:generate	nil
2024-02-11 22:05:17,449{GMT}	INFO	[jepsen worker 0] jepsen.util: 0	:ok	:generate	"n0-13"
2024-02-11 22:05:17,587{GMT}	INFO	[jepsen worker 0] jepsen.util: 0	:invoke	:generate	nil
2024-02-11 22:05:17,588{GMT}	INFO	[jepsen worker 0] jepsen.util: 0	:ok	:generate	"n0-14"
2024-02-11 22:05:17,710{GMT}	INFO	[jepsen worker 0] jepsen.util: 0	:invoke	:generate	nil
2024-02-11 22:05:17,712{GMT}	INFO	[jepsen worker 0] jepsen.util: 0	:ok	:generate	"n0-15"
2024-02-11 22:05:17,800{GMT}	INFO	[jepsen worker 0] jepsen.util: 0	:invoke	:generate	nil
2024-02-11 22:05:17,801{GMT}	INFO	[jepsen worker 0] jepsen.util: 0	:ok	:generate	"n0-16"
2024-02-11 22:05:18,086{GMT}	INFO	[jepsen worker 0] jepsen.util: 0	:invoke	:generate	nil
2024-02-11 22:05:18,088{GMT}	INFO	[jepsen worker 0] jepsen.util: 0	:ok	:generate	"n0-17"
2024-02-11 22:05:18,466{GMT}	INFO	[jepsen worker 0] jepsen.util: 0	:invoke	:generate	nil
2024-02-11 22:05:18,467{GMT}	INFO	[jepsen worker 0] jepsen.util: 0	:ok	:generate	"n0-18"
2024-02-11 22:05:18,642{GMT}	INFO	[jepsen worker 0] jepsen.util: 0	:invoke	:generate	nil
2024-02-11 22:05:18,643{GMT}	INFO	[jepsen worker 0] jepsen.util: 0	:ok	:generate	"n0-19"
2024-02-11 22:05:18,655{GMT}	INFO	[jepsen worker 0] jepsen.util: 0	:invoke	:generate	nil
2024-02-11 22:05:18,656{GMT}	INFO	[jepsen worker 0] jepsen.util: 0	:ok	:generate	"n0-20"
2024-02-11 22:05:18,831{GMT}	INFO	[jepsen worker 0] jepsen.util: 0	:invoke	:generate	nil
2024-02-11 22:05:18,833{GMT}	INFO	[jepsen worker 0] jepsen.util: 0	:ok	:generate	"n0-21"
2024-02-11 22:05:19,173{GMT}	INFO	[jepsen worker 0] jepsen.util: 0	:invoke	:generate	nil
2024-02-11 22:05:19,174{GMT}	INFO	[jepsen worker 0] jepsen.util: 0	:ok	:generate	"n0-22"
2024-02-11 22:05:19,376{GMT}	INFO	[jepsen worker 0] jepsen.util: 0	:invoke	:generate	nil
2024-02-11 22:05:19,377{GMT}	INFO	[jepsen worker 0] jepsen.util: 0	:ok	:generate	"n0-23"
2024-02-11 22:05:19,727{GMT}	INFO	[jepsen worker 0] jepsen.util: 0	:invoke	:generate	nil
2024-02-11 22:05:19,729{GMT}	INFO	[jepsen worker 0] jepsen.util: 0	:ok	:generate	"n0-24"
2024-02-11 22:05:20,077{GMT}	INFO	[jepsen worker 0] jepsen.util: 0	:invoke	:generate	nil
2024-02-11 22:05:20,079{GMT}	INFO	[jepsen worker 0] jepsen.util: 0	:ok	:generate	"n0-25"
2024-02-11 22:05:20,346{GMT}	INFO	[jepsen worker 0] jepsen.util: 0	:invoke	:generate	nil
2024-02-11 22:05:20,348{GMT}	INFO	[jepsen worker 0] jepsen.util: 0	:ok	:generate	"n0-26"
2024-02-11 22:05:20,506{GMT}	INFO	[jepsen worker 0] jepsen.util: 0	:invoke	:generate	nil
2024-02-11 22:05:20,507{GMT}	INFO	[jepsen worker 0] jepsen.util: 0	:ok	:generate	"n0-27"
2024-02-11 22:05:20,724{GMT}	INFO	[jepsen worker 0] jepsen.util: 0	:invoke	:generate	nil
2024-02-11 22:05:20,726{GMT}	INFO	[jepsen worker 0] jepsen.util: 0	:ok	:generate	"n0-28"
2024-02-11 22:05:20,965{GMT}	INFO	[jepsen worker 0] jepsen.util: 0	:invoke	:generate	nil
2024-02-11 22:05:20,966{GMT}	INFO	[jepsen worker 0] jepsen.util: 0	:ok	:generate	"n0-29"
2024-02-11 22:05:21,216{GMT}	INFO	[jepsen worker 0] jepsen.util: 0	:invoke	:generate	nil
2024-02-11 22:05:21,217{GMT}	INFO	[jepsen worker 0] jepsen.util: 0	:ok	:generate	"n0-30"
2024-02-11 22:05:21,446{GMT}	INFO	[jepsen worker 0] jepsen.util: 0	:invoke	:generate	nil
2024-02-11 22:05:21,447{GMT}	INFO	[jepsen worker 0] jepsen.util: 0	:ok	:generate	"n0-31"
2024-02-11 22:05:21,596{GMT}	INFO	[jepsen worker 0] jepsen.util: 0	:invoke	:generate	nil
2024-02-11 22:05:21,597{GMT}	INFO	[jepsen worker 0] jepsen.util: 0	:ok	:generate	"n0-32"
2024-02-11 22:05:21,997{GMT}	INFO	[jepsen worker 0] jepsen.util: 0	:invoke	:generate	nil
2024-02-11 22:05:21,998{GMT}	INFO	[jepsen worker 0] jepsen.util: 0	:ok	:generate	"n0-33"
2024-02-11 22:05:22,191{GMT}	INFO	[jepsen worker 0] jepsen.util: 0	:invoke	:generate	nil
2024-02-11 22:05:22,192{GMT}	INFO	[jepsen worker 0] jepsen.util: 0	:ok	:generate	"n0-34"
2024-02-11 22:05:22,507{GMT}	INFO	[jepsen worker 0] jepsen.util: 0	:invoke	:generate	nil
2024-02-11 22:05:22,509{GMT}	INFO	[jepsen worker 0] jepsen.util: 0	:ok	:generate	"n0-35"
2024-02-11 22:05:22,653{GMT}	INFO	[jepsen worker 0] jepsen.util: 0	:invoke	:generate	nil
2024-02-11 22:05:22,654{GMT}	INFO	[jepsen worker 0] jepsen.util: 0	:ok	:generate	"n0-36"
2024-02-11 22:05:22,992{GMT}	INFO	[jepsen worker 0] jepsen.util: 0	:invoke	:generate	nil
2024-02-11 22:05:22,993{GMT}	INFO	[jepsen worker 0] jepsen.util: 0	:ok	:generate	"n0-37"
2024-02-11 22:05:23,044{GMT}	INFO	[jepsen worker 0] jepsen.util: 0	:invoke	:generate	nil
2024-02-11 22:05:23,046{GMT}	INFO	[jepsen worker 0] jepsen.util: 0	:ok	:generate	"n0-38"
2024-02-11 22:05:23,169{GMT}	INFO	[jepsen worker 0] jepsen.util: 0	:invoke	:generate	nil
2024-02-11 22:05:23,170{GMT}	INFO	[jepsen worker 0] jepsen.util: 0	:ok	:generate	"n0-39"
2024-02-11 22:05:23,357{GMT}	INFO	[jepsen worker 0] jepsen.util: 0	:invoke	:generate	nil
2024-02-11 22:05:23,358{GMT}	INFO	[jepsen worker 0] jepsen.util: 0	:ok	:generate	"n0-40"
2024-02-11 22:05:23,714{GMT}	INFO	[jepsen worker 0] jepsen.util: 0	:invoke	:generate	nil
2024-02-11 22:05:23,715{GMT}	INFO	[jepsen worker 0] jepsen.util: 0	:ok	:generate	"n0-41"
2024-02-11 22:05:24,042{GMT}	INFO	[jepsen worker 0] jepsen.util: 0	:invoke	:generate	nil
2024-02-11 22:05:24,043{GMT}	INFO	[jepsen worker 0] jepsen.util: 0	:ok	:generate	"n0-42"
2024-02-11 22:05:24,101{GMT}	INFO	[jepsen worker 0] jepsen.util: 0	:invoke	:generate	nil
2024-02-11 22:05:24,103{GMT}	INFO	[jepsen worker 0] jepsen.util: 0	:ok	:generate	"n0-43"
2024-02-11 22:05:24,173{GMT}	INFO	[jepsen worker 0] jepsen.util: 0	:invoke	:generate	nil
2024-02-11 22:05:24,174{GMT}	INFO	[jepsen worker 0] jepsen.util: 0	:ok	:generate	"n0-44"
2024-02-11 22:05:24,236{GMT}	INFO	[jepsen worker 0] jepsen.util: 0	:invoke	:generate	nil
2024-02-11 22:05:24,237{GMT}	INFO	[jepsen worker 0] jepsen.util: 0	:ok	:generate	"n0-45"
2024-02-11 22:05:24,275{GMT}	INFO	[jepsen worker 0] jepsen.util: 0	:invoke	:generate	nil
2024-02-11 22:05:24,276{GMT}	INFO	[jepsen worker 0] jepsen.util: 0	:ok	:generate	"n0-46"
2024-02-11 22:05:24,635{GMT}	INFO	[jepsen worker 0] jepsen.util: 0	:invoke	:generate	nil
2024-02-11 22:05:24,636{GMT}	INFO	[jepsen worker 0] jepsen.util: 0	:ok	:generate	"n0-47"
2024-02-11 22:05:24,747{GMT}	INFO	[jepsen worker 0] jepsen.util: 0	:invoke	:generate	nil
2024-02-11 22:05:24,748{GMT}	INFO	[jepsen worker 0] jepsen.util: 0	:ok	:generate	"n0-48"
2024-02-11 22:05:24,762{GMT}	INFO	[jepsen test runner] jepsen.core: Run complete, writing
2024-02-11 22:05:24,797{GMT}	INFO	[jepsen node n0] maelstrom.db: Tearing down n0
2024-02-11 22:05:26,524{GMT}	INFO	[jepsen node n0] maelstrom.net: Shutting down Maelstrom network
2024-02-11 22:05:26,524{GMT}	INFO	[jepsen test runner] jepsen.core: Analyzing...
2024-02-11 22:05:26,661{GMT}	INFO	[jepsen test runner] jepsen.core: Analysis complete
2024-02-11 22:05:26,672{GMT}	INFO	[jepsen results] jepsen.store: Wrote /home/revan/projects/coding/gossip-glomers/store/unique-ids/20240211T220512.926-0500/results.edn
2024-02-11 22:05:26,683{GMT}	INFO	[jepsen test runner] jepsen.core: {:perf {:latency-graph {:valid? true},
        :rate-graph {:valid? true},
        :valid? true},
 :timeline {:valid? true},
 :exceptions {:valid? true},
 :stats {:valid? true,
         :count 47,
         :ok-count 47,
         :fail-count 0,
         :info-count 0,
         :by-f {:generate {:valid? true,
                           :count 47,
                           :ok-count 47,
                           :fail-count 0,
                           :info-count 0}}},
 :availability {:valid? true, :ok-fraction 1.0},
 :net {:all {:send-count 96,
             :recv-count 96,
             :msg-count 96,
             :msgs-per-op 2.0425532},
       :clients {:send-count 96, :recv-count 96, :msg-count 96},
       :servers {:send-count 0,
                 :recv-count 0,
                 :msg-count 0,
                 :msgs-per-op 0.0},
       :valid? true},
 :workload {:valid? true,
            :attempted-count 47,
            :acknowledged-count 47,
            :duplicated-count 0,
            :duplicated {},
            :range ["n0-10" "n0-9"]},
 :valid? true}


Everything looks good! ヽ(‘ー`)ノ
