2024-02-11 22:06:44,010{GMT}	INFO	[jepsen test runner] jepsen.core: Test version c81aa97bd84514996be20831fbd423b02e4fe00e (plus uncommitted changes)
2024-02-11 22:06:44,010{GMT}	INFO	[jepsen test runner] jepsen.core: Command line:
lein run test -w unique-ids --bin target/release/gossip-glomers --node-count 1 --time-limit 10
2024-02-11 22:06:44,060{GMT}	INFO	[jepsen test runner] jepsen.core: Running test:
{:args []
 :remote
 #jepsen.control.retry.Remote{:remote #jepsen.control.scp.Remote{:cmd-remote #jepsen.control.sshj.SSHJRemote{:concurrency-limit 6,
                                                                                                             :conn-spec nil,
                                                                                                             :client nil,
                                                                                                             :semaphore nil},
                                                                 :conn-spec nil},
                              :conn nil}
 :log-net-send false
 :node-count 1
 :availability nil
 :max-txn-length 4
 :concurrency 1
 :db
 #object[maelstrom.db$db$reify__16142
         "0x5e05064b"
         "maelstrom.db$db$reify__16142@5e05064b"]
 :max-writes-per-key 16
 :leave-db-running? false
 :name "unique-ids"
 :logging-json? false
 :start-time
 #object[org.joda.time.DateTime "0x1d628a88" "2024-02-11T22:06:43.989-05:00"]
 :nemesis-interval 10
 :net
 #object[maelstrom.net$jepsen_net$reify__15251
         "0x3c634a04"
         "maelstrom.net$jepsen_net$reify__15251@3c634a04"]
 :client
 #object[maelstrom.workload.unique_ids$client$reify__20074
         "0x4b48be5c"
         "maelstrom.workload.unique_ids$client$reify__20074@4b48be5c"]
 :barrier
 #object[java.util.concurrent.CyclicBarrier
         "0x3fe8d57a"
         "java.util.concurrent.CyclicBarrier@3fe8d57a"]
 :log-stderr false
 :pure-generators true
 :ssh {:dummy? true}
 :rate 5
 :checker
 #object[jepsen.checker$compose$reify__11881
         "0x36573ec5"
         "jepsen.checker$compose$reify__11881@36573ec5"]
 :argv
 ("test"
  "-w"
  "unique-ids"
  "--bin"
  "target/release/gossip-glomers"
  "--node-count"
  "1"
  "--time-limit"
  "10")
 :nemesis
 (jepsen.nemesis.ReflCompose
  {:fm {:start-partition 0,
        :stop-partition 0,
        :kill 1,
        :start 1,
        :pause 1,
        :resume 1},
   :nemeses [#unprintable "jepsen.nemesis.combined$partition_nemesis$reify__16416@10c26161"
             #unprintable "jepsen.nemesis.combined$db_nemesis$reify__16397@1ef6977b"]})
 :nodes ["n0"]
 :test-count 1
 :latency {:mean 0, :dist :constant}
 :bin "target/release/gossip-glomers"
 :generator
 (jepsen.generator.TimeLimit
  {:limit 10000000000,
   :cutoff nil,
   :gen (jepsen.generator.Any
         {:gens [(jepsen.generator.OnThreads
                  {:f #{:nemesis},
                   :context-filter #object[jepsen.generator.context$make_thread_filter$lazy_filter__9167
                                           "0x771c4015"
                                           "jepsen.generator.context$make_thread_filter$lazy_filter__9167@771c4015"],
                   :gen nil})
                 (jepsen.generator.OnThreads
                  {:f #jepsen.generator.context.AllBut{:element :nemesis},
                   :context-filter #object[jepsen.generator.context$make_thread_filter$lazy_filter__9167
                                           "0x34d776eb"
                                           "jepsen.generator.context$make_thread_filter$lazy_filter__9167@34d776eb"],
                   :gen (jepsen.generator.Stagger
                         {:dt 400000000,
                          :next-time nil,
                          :gen (jepsen.generator.Repeat
                                {:remaining -1, :gen {:f :generate}})})})]})})
 :log-net-recv false
 :os
 #object[maelstrom.net$jepsen_os$reify__15254
         "0x60a3a0fa"
         "maelstrom.net$jepsen_os$reify__15254@60a3a0fa"]
 :time-limit 10
 :workload :unique-ids
 :consistency-models [:strict-serializable]
 :topology :grid}

2024-02-11 22:06:45,926{GMT}	INFO	[jepsen node n0] maelstrom.net: Starting Maelstrom network
2024-02-11 22:06:45,928{GMT}	INFO	[jepsen test runner] jepsen.db: Tearing down DB
2024-02-11 22:06:45,929{GMT}	INFO	[jepsen test runner] jepsen.db: Setting up DB
2024-02-11 22:06:45,932{GMT}	INFO	[jepsen node n0] maelstrom.service: Starting services: (lin-kv lin-tso lww-kv seq-kv)
2024-02-11 22:06:45,933{GMT}	INFO	[jepsen node n0] maelstrom.db: Setting up n0
2024-02-11 22:06:45,934{GMT}	INFO	[jepsen node n0] maelstrom.process: launching target/release/gossip-glomers []
2024-02-11 22:06:45,955{GMT}	INFO	[jepsen test runner] jepsen.core: Relative time begins now
2024-02-11 22:06:45,970{GMT}	INFO	[jepsen worker 0] jepsen.util: 0	:invoke	:generate	nil
2024-02-11 22:06:45,972{GMT}	INFO	[jepsen worker 0] jepsen.util: 0	:ok	:generate	"id:n0:2"
2024-02-11 22:06:45,987{GMT}	INFO	[jepsen worker 0] jepsen.util: 0	:invoke	:generate	nil
2024-02-11 22:06:45,989{GMT}	INFO	[jepsen worker 0] jepsen.util: 0	:ok	:generate	"id:n0:3"
2024-02-11 22:06:46,357{GMT}	INFO	[jepsen worker 0] jepsen.util: 0	:invoke	:generate	nil
2024-02-11 22:06:46,358{GMT}	INFO	[jepsen worker 0] jepsen.util: 0	:ok	:generate	"id:n0:4"
2024-02-11 22:06:46,474{GMT}	INFO	[jepsen worker 0] jepsen.util: 0	:invoke	:generate	nil
2024-02-11 22:06:46,475{GMT}	INFO	[jepsen worker 0] jepsen.util: 0	:ok	:generate	"id:n0:5"
2024-02-11 22:06:46,821{GMT}	INFO	[jepsen worker 0] jepsen.util: 0	:invoke	:generate	nil
2024-02-11 22:06:46,822{GMT}	INFO	[jepsen worker 0] jepsen.util: 0	:ok	:generate	"id:n0:6"
2024-02-11 22:06:46,967{GMT}	INFO	[jepsen worker 0] jepsen.util: 0	:invoke	:generate	nil
2024-02-11 22:06:46,968{GMT}	INFO	[jepsen worker 0] jepsen.util: 0	:ok	:generate	"id:n0:7"
2024-02-11 22:06:47,235{GMT}	INFO	[jepsen worker 0] jepsen.util: 0	:invoke	:generate	nil
2024-02-11 22:06:47,237{GMT}	INFO	[jepsen worker 0] jepsen.util: 0	:ok	:generate	"id:n0:8"
2024-02-11 22:06:47,333{GMT}	INFO	[jepsen worker 0] jepsen.util: 0	:invoke	:generate	nil
2024-02-11 22:06:47,334{GMT}	INFO	[jepsen worker 0] jepsen.util: 0	:ok	:generate	"id:n0:9"
2024-02-11 22:06:47,414{GMT}	INFO	[jepsen worker 0] jepsen.util: 0	:invoke	:generate	nil
2024-02-11 22:06:47,415{GMT}	INFO	[jepsen worker 0] jepsen.util: 0	:ok	:generate	"id:n0:10"
2024-02-11 22:06:47,663{GMT}	INFO	[jepsen worker 0] jepsen.util: 0	:invoke	:generate	nil
2024-02-11 22:06:47,665{GMT}	INFO	[jepsen worker 0] jepsen.util: 0	:ok	:generate	"id:n0:11"
2024-02-11 22:06:47,735{GMT}	INFO	[jepsen worker 0] jepsen.util: 0	:invoke	:generate	nil
2024-02-11 22:06:47,736{GMT}	INFO	[jepsen worker 0] jepsen.util: 0	:ok	:generate	"id:n0:12"
2024-02-11 22:06:47,937{GMT}	INFO	[jepsen worker 0] jepsen.util: 0	:invoke	:generate	nil
2024-02-11 22:06:47,938{GMT}	INFO	[jepsen worker 0] jepsen.util: 0	:ok	:generate	"id:n0:13"
2024-02-11 22:06:48,277{GMT}	INFO	[jepsen worker 0] jepsen.util: 0	:invoke	:generate	nil
2024-02-11 22:06:48,278{GMT}	INFO	[jepsen worker 0] jepsen.util: 0	:ok	:generate	"id:n0:14"
2024-02-11 22:06:48,669{GMT}	INFO	[jepsen worker 0] jepsen.util: 0	:invoke	:generate	nil
2024-02-11 22:06:48,670{GMT}	INFO	[jepsen worker 0] jepsen.util: 0	:ok	:generate	"id:n0:15"
2024-02-11 22:06:48,837{GMT}	INFO	[jepsen worker 0] jepsen.util: 0	:invoke	:generate	nil
2024-02-11 22:06:48,839{GMT}	INFO	[jepsen worker 0] jepsen.util: 0	:ok	:generate	"id:n0:16"
2024-02-11 22:06:48,992{GMT}	INFO	[jepsen worker 0] jepsen.util: 0	:invoke	:generate	nil
2024-02-11 22:06:48,994{GMT}	INFO	[jepsen worker 0] jepsen.util: 0	:ok	:generate	"id:n0:17"
2024-02-11 22:06:49,217{GMT}	INFO	[jepsen worker 0] jepsen.util: 0	:invoke	:generate	nil
2024-02-11 22:06:49,219{GMT}	INFO	[jepsen worker 0] jepsen.util: 0	:ok	:generate	"id:n0:18"
2024-02-11 22:06:49,491{GMT}	INFO	[jepsen worker 0] jepsen.util: 0	:invoke	:generate	nil
2024-02-11 22:06:49,493{GMT}	INFO	[jepsen worker 0] jepsen.util: 0	:ok	:generate	"id:n0:19"
2024-02-11 22:06:49,855{GMT}	INFO	[jepsen worker 0] jepsen.util: 0	:invoke	:generate	nil
2024-02-11 22:06:49,857{GMT}	INFO	[jepsen worker 0] jepsen.util: 0	:ok	:generate	"id:n0:20"
2024-02-11 22:06:50,089{GMT}	INFO	[jepsen worker 0] jepsen.util: 0	:invoke	:generate	nil
2024-02-11 22:06:50,091{GMT}	INFO	[jepsen worker 0] jepsen.util: 0	:ok	:generate	"id:n0:21"
2024-02-11 22:06:50,190{GMT}	INFO	[jepsen worker 0] jepsen.util: 0	:invoke	:generate	nil
2024-02-11 22:06:50,191{GMT}	INFO	[jepsen worker 0] jepsen.util: 0	:ok	:generate	"id:n0:22"
2024-02-11 22:06:50,380{GMT}	INFO	[jepsen worker 0] jepsen.util: 0	:invoke	:generate	nil
2024-02-11 22:06:50,381{GMT}	INFO	[jepsen worker 0] jepsen.util: 0	:ok	:generate	"id:n0:23"
2024-02-11 22:06:50,590{GMT}	INFO	[jepsen worker 0] jepsen.util: 0	:invoke	:generate	nil
2024-02-11 22:06:50,591{GMT}	INFO	[jepsen worker 0] jepsen.util: 0	:ok	:generate	"id:n0:24"
2024-02-11 22:06:50,661{GMT}	INFO	[jepsen worker 0] jepsen.util: 0	:invoke	:generate	nil
2024-02-11 22:06:50,662{GMT}	INFO	[jepsen worker 0] jepsen.util: 0	:ok	:generate	"id:n0:25"
2024-02-11 22:06:50,662{GMT}	INFO	[jepsen worker 0] jepsen.util: 0	:invoke	:generate	nil
2024-02-11 22:06:50,663{GMT}	INFO	[jepsen worker 0] jepsen.util: 0	:ok	:generate	"id:n0:26"
2024-02-11 22:06:51,037{GMT}	INFO	[jepsen worker 0] jepsen.util: 0	:invoke	:generate	nil
2024-02-11 22:06:51,039{GMT}	INFO	[jepsen worker 0] jepsen.util: 0	:ok	:generate	"id:n0:27"
2024-02-11 22:06:51,123{GMT}	INFO	[jepsen worker 0] jepsen.util: 0	:invoke	:generate	nil
2024-02-11 22:06:51,124{GMT}	INFO	[jepsen worker 0] jepsen.util: 0	:ok	:generate	"id:n0:28"
2024-02-11 22:06:51,515{GMT}	INFO	[jepsen worker 0] jepsen.util: 0	:invoke	:generate	nil
2024-02-11 22:06:51,516{GMT}	INFO	[jepsen worker 0] jepsen.util: 0	:ok	:generate	"id:n0:29"
2024-02-11 22:06:51,543{GMT}	INFO	[jepsen worker 0] jepsen.util: 0	:invoke	:generate	nil
2024-02-11 22:06:51,545{GMT}	INFO	[jepsen worker 0] jepsen.util: 0	:ok	:generate	"id:n0:30"
2024-02-11 22:06:51,566{GMT}	INFO	[jepsen worker 0] jepsen.util: 0	:invoke	:generate	nil
2024-02-11 22:06:51,567{GMT}	INFO	[jepsen worker 0] jepsen.util: 0	:ok	:generate	"id:n0:31"
2024-02-11 22:06:51,812{GMT}	INFO	[jepsen worker 0] jepsen.util: 0	:invoke	:generate	nil
2024-02-11 22:06:51,814{GMT}	INFO	[jepsen worker 0] jepsen.util: 0	:ok	:generate	"id:n0:32"
2024-02-11 22:06:52,220{GMT}	INFO	[jepsen worker 0] jepsen.util: 0	:invoke	:generate	nil
2024-02-11 22:06:52,222{GMT}	INFO	[jepsen worker 0] jepsen.util: 0	:ok	:generate	"id:n0:33"
2024-02-11 22:06:52,277{GMT}	INFO	[jepsen worker 0] jepsen.util: 0	:invoke	:generate	nil
2024-02-11 22:06:52,278{GMT}	INFO	[jepsen worker 0] jepsen.util: 0	:ok	:generate	"id:n0:34"
2024-02-11 22:06:52,660{GMT}	INFO	[jepsen worker 0] jepsen.util: 0	:invoke	:generate	nil
2024-02-11 22:06:52,661{GMT}	INFO	[jepsen worker 0] jepsen.util: 0	:ok	:generate	"id:n0:35"
2024-02-11 22:06:52,709{GMT}	INFO	[jepsen worker 0] jepsen.util: 0	:invoke	:generate	nil
2024-02-11 22:06:52,711{GMT}	INFO	[jepsen worker 0] jepsen.util: 0	:ok	:generate	"id:n0:36"
2024-02-11 22:06:52,863{GMT}	INFO	[jepsen worker 0] jepsen.util: 0	:invoke	:generate	nil
2024-02-11 22:06:52,865{GMT}	INFO	[jepsen worker 0] jepsen.util: 0	:ok	:generate	"id:n0:37"
2024-02-11 22:06:52,971{GMT}	INFO	[jepsen worker 0] jepsen.util: 0	:invoke	:generate	nil
2024-02-11 22:06:52,972{GMT}	INFO	[jepsen worker 0] jepsen.util: 0	:ok	:generate	"id:n0:38"
2024-02-11 22:06:53,238{GMT}	INFO	[jepsen worker 0] jepsen.util: 0	:invoke	:generate	nil
2024-02-11 22:06:53,240{GMT}	INFO	[jepsen worker 0] jepsen.util: 0	:ok	:generate	"id:n0:39"
2024-02-11 22:06:53,259{GMT}	INFO	[jepsen worker 0] jepsen.util: 0	:invoke	:generate	nil
2024-02-11 22:06:53,261{GMT}	INFO	[jepsen worker 0] jepsen.util: 0	:ok	:generate	"id:n0:40"
2024-02-11 22:06:53,435{GMT}	INFO	[jepsen worker 0] jepsen.util: 0	:invoke	:generate	nil
2024-02-11 22:06:53,436{GMT}	INFO	[jepsen worker 0] jepsen.util: 0	:ok	:generate	"id:n0:41"
2024-02-11 22:06:53,793{GMT}	INFO	[jepsen worker 0] jepsen.util: 0	:invoke	:generate	nil
2024-02-11 22:06:53,794{GMT}	INFO	[jepsen worker 0] jepsen.util: 0	:ok	:generate	"id:n0:42"
2024-02-11 22:06:54,031{GMT}	INFO	[jepsen worker 0] jepsen.util: 0	:invoke	:generate	nil
2024-02-11 22:06:54,032{GMT}	INFO	[jepsen worker 0] jepsen.util: 0	:ok	:generate	"id:n0:43"
2024-02-11 22:06:54,423{GMT}	INFO	[jepsen worker 0] jepsen.util: 0	:invoke	:generate	nil
2024-02-11 22:06:54,424{GMT}	INFO	[jepsen worker 0] jepsen.util: 0	:ok	:generate	"id:n0:44"
2024-02-11 22:06:54,774{GMT}	INFO	[jepsen worker 0] jepsen.util: 0	:invoke	:generate	nil
2024-02-11 22:06:54,775{GMT}	INFO	[jepsen worker 0] jepsen.util: 0	:ok	:generate	"id:n0:45"
2024-02-11 22:06:55,028{GMT}	INFO	[jepsen worker 0] jepsen.util: 0	:invoke	:generate	nil
2024-02-11 22:06:55,029{GMT}	INFO	[jepsen worker 0] jepsen.util: 0	:ok	:generate	"id:n0:46"
2024-02-11 22:06:55,086{GMT}	INFO	[jepsen worker 0] jepsen.util: 0	:invoke	:generate	nil
2024-02-11 22:06:55,087{GMT}	INFO	[jepsen worker 0] jepsen.util: 0	:ok	:generate	"id:n0:47"
2024-02-11 22:06:55,400{GMT}	INFO	[jepsen worker 0] jepsen.util: 0	:invoke	:generate	nil
2024-02-11 22:06:55,402{GMT}	INFO	[jepsen worker 0] jepsen.util: 0	:ok	:generate	"id:n0:48"
2024-02-11 22:06:55,640{GMT}	INFO	[jepsen worker 0] jepsen.util: 0	:invoke	:generate	nil
2024-02-11 22:06:55,641{GMT}	INFO	[jepsen worker 0] jepsen.util: 0	:ok	:generate	"id:n0:49"
2024-02-11 22:06:55,949{GMT}	INFO	[jepsen worker 0] jepsen.util: 0	:invoke	:generate	nil
2024-02-11 22:06:55,950{GMT}	INFO	[jepsen worker 0] jepsen.util: 0	:ok	:generate	"id:n0:50"
2024-02-11 22:06:55,966{GMT}	INFO	[jepsen test runner] jepsen.core: Run complete, writing
2024-02-11 22:06:56,006{GMT}	INFO	[jepsen node n0] maelstrom.db: Tearing down n0
2024-02-11 22:06:57,443{GMT}	INFO	[jepsen node n0] maelstrom.net: Shutting down Maelstrom network
2024-02-11 22:06:57,444{GMT}	INFO	[jepsen test runner] jepsen.core: Analyzing...
2024-02-11 22:06:57,570{GMT}	INFO	[jepsen test runner] jepsen.core: Analysis complete
2024-02-11 22:06:57,582{GMT}	INFO	[jepsen results] jepsen.store: Wrote /home/revan/projects/coding/gossip-glomers/store/unique-ids/20240211T220643.989-0500/results.edn
2024-02-11 22:06:57,593{GMT}	INFO	[jepsen test runner] jepsen.core: {:perf {:latency-graph {:valid? true},
        :rate-graph {:valid? true},
        :valid? true},
 :timeline {:valid? true},
 :exceptions {:valid? true},
 :stats {:valid? true,
         :count 49,
         :ok-count 49,
         :fail-count 0,
         :info-count 0,
         :by-f {:generate {:valid? true,
                           :count 49,
                           :ok-count 49,
                           :fail-count 0,
                           :info-count 0}}},
 :availability {:valid? true, :ok-fraction 1.0},
 :net {:all {:send-count 100,
             :recv-count 100,
             :msg-count 100,
             :msgs-per-op 2.0408163},
       :clients {:send-count 100, :recv-count 100, :msg-count 100},
       :servers {:send-count 0,
                 :recv-count 0,
                 :msg-count 0,
                 :msgs-per-op 0.0},
       :valid? true},
 :workload {:valid? true,
            :attempted-count 49,
            :acknowledged-count 49,
            :duplicated-count 0,
            :duplicated {},
            :range ["id:n0:10" "id:n0:9"]},
 :valid? true}


Everything looks good! ヽ(‘ー`)ノ
