2024-02-11 22:21:04,275{GMT}	INFO	[jepsen test runner] jepsen.core: Test version a6d9a7473315b88894cea8564328359e088ebc31 (plus uncommitted changes)
2024-02-11 22:21:04,275{GMT}	INFO	[jepsen test runner] jepsen.core: Command line:
lein run test -w echo --bin target/release/echo --node-count 1 --time-limit 10
2024-02-11 22:21:04,323{GMT}	INFO	[jepsen test runner] jepsen.core: Running test:
{:args []
 :remote
 #jepsen.control.retry.Remote{:remote #jepsen.control.scp.Remote{:cmd-remote #jepsen.control.sshj.SSHJRemote{:concurrency-limit 6,
                                                                                                             :conn-spec nil,
                                                                                                             :client nil,
                                                                                                             :semaphore nil},
                                                                 :conn-spec nil},
                              :conn nil}
 :log-net-send false
 :node-count 1
 :availability nil
 :max-txn-length 4
 :concurrency 1
 :db
 #object[maelstrom.db$db$reify__16142
         "0x4b48be5c"
         "maelstrom.db$db$reify__16142@4b48be5c"]
 :max-writes-per-key 16
 :leave-db-running? false
 :name "echo"
 :logging-json? false
 :start-time
 #object[org.joda.time.DateTime "0x1ef6977b" "2024-02-11T22:21:04.252-05:00"]
 :nemesis-interval 10
 :net
 #object[maelstrom.net$jepsen_net$reify__15251
         "0x674cd2da"
         "maelstrom.net$jepsen_net$reify__15251@674cd2da"]
 :client
 #object[maelstrom.workload.echo$client$reify__16863
         "0x686279e0"
         "maelstrom.workload.echo$client$reify__16863@686279e0"]
 :barrier
 #object[java.util.concurrent.CyclicBarrier
         "0x6b28d4e4"
         "java.util.concurrent.CyclicBarrier@6b28d4e4"]
 :log-stderr false
 :pure-generators true
 :ssh {:dummy? true}
 :rate 5
 :checker
 #object[jepsen.checker$compose$reify__11881
         "0x41cfcbb5"
         "jepsen.checker$compose$reify__11881@41cfcbb5"]
 :argv
 ("test"
  "-w"
  "echo"
  "--bin"
  "target/release/echo"
  "--node-count"
  "1"
  "--time-limit"
  "10")
 :nemesis
 (jepsen.nemesis.ReflCompose
  {:fm {:start-partition 0,
        :stop-partition 0,
        :kill 1,
        :start 1,
        :pause 1,
        :resume 1},
   :nemeses [#unprintable "jepsen.nemesis.combined$partition_nemesis$reify__16416@40941b54"
             #unprintable "jepsen.nemesis.combined$db_nemesis$reify__16397@3b42d7df"]})
 :nodes ["n0"]
 :test-count 1
 :latency {:mean 0, :dist :constant}
 :bin "target/release/echo"
 :generator
 (jepsen.generator.TimeLimit
  {:limit 10000000000,
   :cutoff nil,
   :gen (jepsen.generator.Any
         {:gens [(jepsen.generator.OnThreads
                  {:f #{:nemesis},
                   :context-filter #object[jepsen.generator.context$make_thread_filter$lazy_filter__9167
                                           "0x704c3ca2"
                                           "jepsen.generator.context$make_thread_filter$lazy_filter__9167@704c3ca2"],
                   :gen nil})
                 (jepsen.generator.OnThreads
                  {:f #jepsen.generator.context.AllBut{:element :nemesis},
                   :context-filter #object[jepsen.generator.context$make_thread_filter$lazy_filter__9167
                                           "0x7d3a9061"
                                           "jepsen.generator.context$make_thread_filter$lazy_filter__9167@7d3a9061"],
                   :gen (jepsen.generator.Stagger
                         {:dt 400000000,
                          :next-time nil,
                          :gen (jepsen.generator.EachThread
                                {:fresh-gen #object[maelstrom.workload.echo$workload$fn__16882
                                                    "0x2a2f7a61"
                                                    "maelstrom.workload.echo$workload$fn__16882@2a2f7a61"],
                                 :context-filters #object[clojure.core$promise$reify__8591
                                                          "0x8d40f07"
                                                          {:status :pending,
                                                           :val nil}],
                                 :gens {}})})})]})})
 :log-net-recv false
 :os
 #object[maelstrom.net$jepsen_os$reify__15254
         "0x196c8b93"
         "maelstrom.net$jepsen_os$reify__15254@196c8b93"]
 :time-limit 10
 :workload :echo
 :consistency-models [:strict-serializable]
 :topology :grid}

2024-02-11 22:21:06,113{GMT}	INFO	[jepsen node n0] maelstrom.net: Starting Maelstrom network
2024-02-11 22:21:06,114{GMT}	INFO	[jepsen test runner] jepsen.db: Tearing down DB
2024-02-11 22:21:06,116{GMT}	INFO	[jepsen test runner] jepsen.db: Setting up DB
2024-02-11 22:21:06,118{GMT}	INFO	[jepsen node n0] maelstrom.service: Starting services: (lin-kv lin-tso lww-kv seq-kv)
2024-02-11 22:21:06,120{GMT}	INFO	[jepsen node n0] maelstrom.db: Setting up n0
2024-02-11 22:21:06,120{GMT}	INFO	[jepsen node n0] maelstrom.process: launching target/release/echo []
2024-02-11 22:21:06,140{GMT}	INFO	[jepsen test runner] jepsen.core: Relative time begins now
2024-02-11 22:21:06,158{GMT}	INFO	[jepsen worker 0] jepsen.util: 0	:invoke	:echo	"Please echo 4"
2024-02-11 22:21:06,165{GMT}	INFO	[jepsen worker 0] jepsen.util: 0	:ok	:echo	{:msg_id 1, :in_reply_to 1, :type "echo_ok", :echo "Please echo 4"}
2024-02-11 22:21:06,223{GMT}	INFO	[jepsen worker 0] jepsen.util: 0	:invoke	:echo	"Please echo 93"
2024-02-11 22:21:06,224{GMT}	INFO	[jepsen worker 0] jepsen.util: 0	:ok	:echo	{:msg_id 2, :in_reply_to 2, :type "echo_ok", :echo "Please echo 93"}
2024-02-11 22:21:06,291{GMT}	INFO	[jepsen worker 0] jepsen.util: 0	:invoke	:echo	"Please echo 85"
2024-02-11 22:21:06,292{GMT}	INFO	[jepsen worker 0] jepsen.util: 0	:ok	:echo	{:msg_id 3, :in_reply_to 3, :type "echo_ok", :echo "Please echo 85"}
2024-02-11 22:21:06,316{GMT}	INFO	[jepsen worker 0] jepsen.util: 0	:invoke	:echo	"Please echo 10"
2024-02-11 22:21:06,318{GMT}	INFO	[jepsen worker 0] jepsen.util: 0	:ok	:echo	{:msg_id 4, :in_reply_to 4, :type "echo_ok", :echo "Please echo 10"}
2024-02-11 22:21:06,402{GMT}	INFO	[jepsen worker 0] jepsen.util: 0	:invoke	:echo	"Please echo 46"
2024-02-11 22:21:06,403{GMT}	INFO	[jepsen worker 0] jepsen.util: 0	:ok	:echo	{:msg_id 5, :in_reply_to 5, :type "echo_ok", :echo "Please echo 46"}
2024-02-11 22:21:06,747{GMT}	INFO	[jepsen worker 0] jepsen.util: 0	:invoke	:echo	"Please echo 19"
2024-02-11 22:21:06,748{GMT}	INFO	[jepsen worker 0] jepsen.util: 0	:ok	:echo	{:msg_id 6, :in_reply_to 6, :type "echo_ok", :echo "Please echo 19"}
2024-02-11 22:21:07,129{GMT}	INFO	[jepsen worker 0] jepsen.util: 0	:invoke	:echo	"Please echo 125"
2024-02-11 22:21:07,131{GMT}	INFO	[jepsen worker 0] jepsen.util: 0	:ok	:echo	{:msg_id 7, :in_reply_to 7, :type "echo_ok", :echo "Please echo 125"}
2024-02-11 22:21:07,421{GMT}	INFO	[jepsen worker 0] jepsen.util: 0	:invoke	:echo	"Please echo 86"
2024-02-11 22:21:07,422{GMT}	INFO	[jepsen worker 0] jepsen.util: 0	:ok	:echo	{:msg_id 8, :in_reply_to 8, :type "echo_ok", :echo "Please echo 86"}
2024-02-11 22:21:07,671{GMT}	INFO	[jepsen worker 0] jepsen.util: 0	:invoke	:echo	"Please echo 9"
2024-02-11 22:21:07,673{GMT}	INFO	[jepsen worker 0] jepsen.util: 0	:ok	:echo	{:msg_id 9, :in_reply_to 9, :type "echo_ok", :echo "Please echo 9"}
2024-02-11 22:21:07,798{GMT}	INFO	[jepsen worker 0] jepsen.util: 0	:invoke	:echo	"Please echo 72"
2024-02-11 22:21:07,800{GMT}	INFO	[jepsen worker 0] jepsen.util: 0	:ok	:echo	{:msg_id 10, :in_reply_to 10, :type "echo_ok", :echo "Please echo 72"}
2024-02-11 22:21:08,039{GMT}	INFO	[jepsen worker 0] jepsen.util: 0	:invoke	:echo	"Please echo 81"
2024-02-11 22:21:08,040{GMT}	INFO	[jepsen worker 0] jepsen.util: 0	:ok	:echo	{:msg_id 11, :in_reply_to 11, :type "echo_ok", :echo "Please echo 81"}
2024-02-11 22:21:08,408{GMT}	INFO	[jepsen worker 0] jepsen.util: 0	:invoke	:echo	"Please echo 99"
2024-02-11 22:21:08,409{GMT}	INFO	[jepsen worker 0] jepsen.util: 0	:ok	:echo	{:msg_id 12, :in_reply_to 12, :type "echo_ok", :echo "Please echo 99"}
2024-02-11 22:21:08,762{GMT}	INFO	[jepsen worker 0] jepsen.util: 0	:invoke	:echo	"Please echo 64"
2024-02-11 22:21:08,763{GMT}	INFO	[jepsen worker 0] jepsen.util: 0	:ok	:echo	{:msg_id 13, :in_reply_to 13, :type "echo_ok", :echo "Please echo 64"}
2024-02-11 22:21:08,795{GMT}	INFO	[jepsen worker 0] jepsen.util: 0	:invoke	:echo	"Please echo 99"
2024-02-11 22:21:08,796{GMT}	INFO	[jepsen worker 0] jepsen.util: 0	:ok	:echo	{:msg_id 14, :in_reply_to 14, :type "echo_ok", :echo "Please echo 99"}
2024-02-11 22:21:09,023{GMT}	INFO	[jepsen worker 0] jepsen.util: 0	:invoke	:echo	"Please echo 29"
2024-02-11 22:21:09,025{GMT}	INFO	[jepsen worker 0] jepsen.util: 0	:ok	:echo	{:msg_id 15, :in_reply_to 15, :type "echo_ok", :echo "Please echo 29"}
2024-02-11 22:21:09,074{GMT}	INFO	[jepsen worker 0] jepsen.util: 0	:invoke	:echo	"Please echo 59"
2024-02-11 22:21:09,076{GMT}	INFO	[jepsen worker 0] jepsen.util: 0	:ok	:echo	{:msg_id 16, :in_reply_to 16, :type "echo_ok", :echo "Please echo 59"}
2024-02-11 22:21:09,273{GMT}	INFO	[jepsen worker 0] jepsen.util: 0	:invoke	:echo	"Please echo 127"
2024-02-11 22:21:09,274{GMT}	INFO	[jepsen worker 0] jepsen.util: 0	:ok	:echo	{:msg_id 17, :in_reply_to 17, :type "echo_ok", :echo "Please echo 127"}
2024-02-11 22:21:09,505{GMT}	INFO	[jepsen worker 0] jepsen.util: 0	:invoke	:echo	"Please echo 85"
2024-02-11 22:21:09,506{GMT}	INFO	[jepsen worker 0] jepsen.util: 0	:ok	:echo	{:msg_id 18, :in_reply_to 18, :type "echo_ok", :echo "Please echo 85"}
2024-02-11 22:21:09,754{GMT}	INFO	[jepsen worker 0] jepsen.util: 0	:invoke	:echo	"Please echo 1"
2024-02-11 22:21:09,755{GMT}	INFO	[jepsen worker 0] jepsen.util: 0	:ok	:echo	{:msg_id 19, :in_reply_to 19, :type "echo_ok", :echo "Please echo 1"}
2024-02-11 22:21:09,755{GMT}	INFO	[jepsen worker 0] jepsen.util: 0	:invoke	:echo	"Please echo 49"
2024-02-11 22:21:09,757{GMT}	INFO	[jepsen worker 0] jepsen.util: 0	:ok	:echo	{:msg_id 20, :in_reply_to 20, :type "echo_ok", :echo "Please echo 49"}
2024-02-11 22:21:09,828{GMT}	INFO	[jepsen worker 0] jepsen.util: 0	:invoke	:echo	"Please echo 90"
2024-02-11 22:21:09,829{GMT}	INFO	[jepsen worker 0] jepsen.util: 0	:ok	:echo	{:msg_id 21, :in_reply_to 21, :type "echo_ok", :echo "Please echo 90"}
2024-02-11 22:21:09,963{GMT}	INFO	[jepsen worker 0] jepsen.util: 0	:invoke	:echo	"Please echo 122"
2024-02-11 22:21:09,964{GMT}	INFO	[jepsen worker 0] jepsen.util: 0	:ok	:echo	{:msg_id 22, :in_reply_to 22, :type "echo_ok", :echo "Please echo 122"}
2024-02-11 22:21:10,346{GMT}	INFO	[jepsen worker 0] jepsen.util: 0	:invoke	:echo	"Please echo 28"
2024-02-11 22:21:10,347{GMT}	INFO	[jepsen worker 0] jepsen.util: 0	:ok	:echo	{:msg_id 23, :in_reply_to 23, :type "echo_ok", :echo "Please echo 28"}
2024-02-11 22:21:10,688{GMT}	INFO	[jepsen worker 0] jepsen.util: 0	:invoke	:echo	"Please echo 1"
2024-02-11 22:21:10,690{GMT}	INFO	[jepsen worker 0] jepsen.util: 0	:ok	:echo	{:msg_id 24, :in_reply_to 24, :type "echo_ok", :echo "Please echo 1"}
2024-02-11 22:21:11,109{GMT}	INFO	[jepsen worker 0] jepsen.util: 0	:invoke	:echo	"Please echo 73"
2024-02-11 22:21:11,110{GMT}	INFO	[jepsen worker 0] jepsen.util: 0	:ok	:echo	{:msg_id 25, :in_reply_to 25, :type "echo_ok", :echo "Please echo 73"}
2024-02-11 22:21:11,224{GMT}	INFO	[jepsen worker 0] jepsen.util: 0	:invoke	:echo	"Please echo 51"
2024-02-11 22:21:11,226{GMT}	INFO	[jepsen worker 0] jepsen.util: 0	:ok	:echo	{:msg_id 26, :in_reply_to 26, :type "echo_ok", :echo "Please echo 51"}
2024-02-11 22:21:11,394{GMT}	INFO	[jepsen worker 0] jepsen.util: 0	:invoke	:echo	"Please echo 29"
2024-02-11 22:21:11,395{GMT}	INFO	[jepsen worker 0] jepsen.util: 0	:ok	:echo	{:msg_id 27, :in_reply_to 27, :type "echo_ok", :echo "Please echo 29"}
2024-02-11 22:21:11,523{GMT}	INFO	[jepsen worker 0] jepsen.util: 0	:invoke	:echo	"Please echo 77"
2024-02-11 22:21:11,525{GMT}	INFO	[jepsen worker 0] jepsen.util: 0	:ok	:echo	{:msg_id 28, :in_reply_to 28, :type "echo_ok", :echo "Please echo 77"}
2024-02-11 22:21:11,918{GMT}	INFO	[jepsen worker 0] jepsen.util: 0	:invoke	:echo	"Please echo 5"
2024-02-11 22:21:11,919{GMT}	INFO	[jepsen worker 0] jepsen.util: 0	:ok	:echo	{:msg_id 29, :in_reply_to 29, :type "echo_ok", :echo "Please echo 5"}
2024-02-11 22:21:11,996{GMT}	INFO	[jepsen worker 0] jepsen.util: 0	:invoke	:echo	"Please echo 46"
2024-02-11 22:21:11,998{GMT}	INFO	[jepsen worker 0] jepsen.util: 0	:ok	:echo	{:msg_id 30, :in_reply_to 30, :type "echo_ok", :echo "Please echo 46"}
2024-02-11 22:21:12,319{GMT}	INFO	[jepsen worker 0] jepsen.util: 0	:invoke	:echo	"Please echo 23"
2024-02-11 22:21:12,321{GMT}	INFO	[jepsen worker 0] jepsen.util: 0	:ok	:echo	{:msg_id 31, :in_reply_to 31, :type "echo_ok", :echo "Please echo 23"}
2024-02-11 22:21:12,513{GMT}	INFO	[jepsen worker 0] jepsen.util: 0	:invoke	:echo	"Please echo 126"
2024-02-11 22:21:12,514{GMT}	INFO	[jepsen worker 0] jepsen.util: 0	:ok	:echo	{:msg_id 32, :in_reply_to 32, :type "echo_ok", :echo "Please echo 126"}
2024-02-11 22:21:12,795{GMT}	INFO	[jepsen worker 0] jepsen.util: 0	:invoke	:echo	"Please echo 117"
2024-02-11 22:21:12,797{GMT}	INFO	[jepsen worker 0] jepsen.util: 0	:ok	:echo	{:msg_id 33, :in_reply_to 33, :type "echo_ok", :echo "Please echo 117"}
2024-02-11 22:21:12,904{GMT}	INFO	[jepsen worker 0] jepsen.util: 0	:invoke	:echo	"Please echo 88"
2024-02-11 22:21:12,906{GMT}	INFO	[jepsen worker 0] jepsen.util: 0	:ok	:echo	{:msg_id 34, :in_reply_to 34, :type "echo_ok", :echo "Please echo 88"}
2024-02-11 22:21:12,983{GMT}	INFO	[jepsen worker 0] jepsen.util: 0	:invoke	:echo	"Please echo 19"
2024-02-11 22:21:12,984{GMT}	INFO	[jepsen worker 0] jepsen.util: 0	:ok	:echo	{:msg_id 35, :in_reply_to 35, :type "echo_ok", :echo "Please echo 19"}
2024-02-11 22:21:13,165{GMT}	INFO	[jepsen worker 0] jepsen.util: 0	:invoke	:echo	"Please echo 99"
2024-02-11 22:21:13,166{GMT}	INFO	[jepsen worker 0] jepsen.util: 0	:ok	:echo	{:msg_id 36, :in_reply_to 36, :type "echo_ok", :echo "Please echo 99"}
2024-02-11 22:21:13,516{GMT}	INFO	[jepsen worker 0] jepsen.util: 0	:invoke	:echo	"Please echo 47"
2024-02-11 22:21:13,517{GMT}	INFO	[jepsen worker 0] jepsen.util: 0	:ok	:echo	{:msg_id 37, :in_reply_to 37, :type "echo_ok", :echo "Please echo 47"}
2024-02-11 22:21:13,936{GMT}	INFO	[jepsen worker 0] jepsen.util: 0	:invoke	:echo	"Please echo 43"
2024-02-11 22:21:13,937{GMT}	INFO	[jepsen worker 0] jepsen.util: 0	:ok	:echo	{:msg_id 38, :in_reply_to 38, :type "echo_ok", :echo "Please echo 43"}
2024-02-11 22:21:13,974{GMT}	INFO	[jepsen worker 0] jepsen.util: 0	:invoke	:echo	"Please echo 63"
2024-02-11 22:21:13,976{GMT}	INFO	[jepsen worker 0] jepsen.util: 0	:ok	:echo	{:msg_id 39, :in_reply_to 39, :type "echo_ok", :echo "Please echo 63"}
2024-02-11 22:21:14,367{GMT}	INFO	[jepsen worker 0] jepsen.util: 0	:invoke	:echo	"Please echo 54"
2024-02-11 22:21:14,368{GMT}	INFO	[jepsen worker 0] jepsen.util: 0	:ok	:echo	{:msg_id 40, :in_reply_to 40, :type "echo_ok", :echo "Please echo 54"}
2024-02-11 22:21:14,759{GMT}	INFO	[jepsen worker 0] jepsen.util: 0	:invoke	:echo	"Please echo 56"
2024-02-11 22:21:14,760{GMT}	INFO	[jepsen worker 0] jepsen.util: 0	:ok	:echo	{:msg_id 41, :in_reply_to 41, :type "echo_ok", :echo "Please echo 56"}
2024-02-11 22:21:14,872{GMT}	INFO	[jepsen worker 0] jepsen.util: 0	:invoke	:echo	"Please echo 25"
2024-02-11 22:21:14,873{GMT}	INFO	[jepsen worker 0] jepsen.util: 0	:ok	:echo	{:msg_id 42, :in_reply_to 42, :type "echo_ok", :echo "Please echo 25"}
2024-02-11 22:21:15,018{GMT}	INFO	[jepsen worker 0] jepsen.util: 0	:invoke	:echo	"Please echo 107"
2024-02-11 22:21:15,019{GMT}	INFO	[jepsen worker 0] jepsen.util: 0	:ok	:echo	{:msg_id 43, :in_reply_to 43, :type "echo_ok", :echo "Please echo 107"}
2024-02-11 22:21:15,252{GMT}	INFO	[jepsen worker 0] jepsen.util: 0	:invoke	:echo	"Please echo 73"
2024-02-11 22:21:15,254{GMT}	INFO	[jepsen worker 0] jepsen.util: 0	:ok	:echo	{:msg_id 44, :in_reply_to 44, :type "echo_ok", :echo "Please echo 73"}
2024-02-11 22:21:15,304{GMT}	INFO	[jepsen worker 0] jepsen.util: 0	:invoke	:echo	"Please echo 48"
2024-02-11 22:21:15,306{GMT}	INFO	[jepsen worker 0] jepsen.util: 0	:ok	:echo	{:msg_id 45, :in_reply_to 45, :type "echo_ok", :echo "Please echo 48"}
2024-02-11 22:21:15,351{GMT}	INFO	[jepsen worker 0] jepsen.util: 0	:invoke	:echo	"Please echo 115"
2024-02-11 22:21:15,352{GMT}	INFO	[jepsen worker 0] jepsen.util: 0	:ok	:echo	{:msg_id 46, :in_reply_to 46, :type "echo_ok", :echo "Please echo 115"}
2024-02-11 22:21:15,739{GMT}	INFO	[jepsen worker 0] jepsen.util: 0	:invoke	:echo	"Please echo 46"
2024-02-11 22:21:15,741{GMT}	INFO	[jepsen worker 0] jepsen.util: 0	:ok	:echo	{:msg_id 47, :in_reply_to 47, :type "echo_ok", :echo "Please echo 46"}
2024-02-11 22:21:15,906{GMT}	INFO	[jepsen worker 0] jepsen.util: 0	:invoke	:echo	"Please echo 29"
2024-02-11 22:21:15,907{GMT}	INFO	[jepsen worker 0] jepsen.util: 0	:ok	:echo	{:msg_id 48, :in_reply_to 48, :type "echo_ok", :echo "Please echo 29"}
2024-02-11 22:21:16,104{GMT}	INFO	[jepsen worker 0] jepsen.util: 0	:invoke	:echo	"Please echo 122"
2024-02-11 22:21:16,106{GMT}	INFO	[jepsen worker 0] jepsen.util: 0	:ok	:echo	{:msg_id 49, :in_reply_to 49, :type "echo_ok", :echo "Please echo 122"}
2024-02-11 22:21:16,121{GMT}	INFO	[jepsen test runner] jepsen.core: Run complete, writing
2024-02-11 22:21:16,156{GMT}	INFO	[jepsen node n0] maelstrom.db: Tearing down n0
2024-02-11 22:21:18,151{GMT}	INFO	[jepsen node n0] maelstrom.net: Shutting down Maelstrom network
2024-02-11 22:21:18,151{GMT}	INFO	[jepsen test runner] jepsen.core: Analyzing...
2024-02-11 22:21:18,281{GMT}	INFO	[jepsen test runner] jepsen.core: Analysis complete
2024-02-11 22:21:18,292{GMT}	INFO	[jepsen results] jepsen.store: Wrote /home/revan/projects/coding/gossip-glomers/store/echo/20240211T222104.252-0500/results.edn
2024-02-11 22:21:18,302{GMT}	INFO	[jepsen test runner] jepsen.core: {:perf {:latency-graph {:valid? true},
        :rate-graph {:valid? true},
        :valid? true},
 :timeline {:valid? true},
 :exceptions {:valid? true},
 :stats {:valid? true,
         :count 49,
         :ok-count 49,
         :fail-count 0,
         :info-count 0,
         :by-f {:echo {:valid? true,
                       :count 49,
                       :ok-count 49,
                       :fail-count 0,
                       :info-count 0}}},
 :availability {:valid? true, :ok-fraction 1.0},
 :net {:all {:send-count 100,
             :recv-count 100,
             :msg-count 100,
             :msgs-per-op 2.0408163},
       :clients {:send-count 100, :recv-count 100, :msg-count 100},
       :servers {:send-count 0,
                 :recv-count 0,
                 :msg-count 0,
                 :msgs-per-op 0.0},
       :valid? true},
 :workload {:valid? true, :errors ()},
 :valid? true}


Everything looks good! ヽ(‘ー`)ノ
